SF:lib/blocs/home_bloc.dart
DA:12,6
DA:13,4
DA:14,4
DA:15,4
DA:16,4
DA:19,1
DA:20,4
DA:21,1
DA:24,1
DA:25,4
DA:26,1
DA:29,2
DA:30,8
DA:31,2
DA:34,2
DA:35,4
DA:36,2
DA:37,5
DA:38,3
DA:39,4
DA:41,4
LF:21
LH:21
end_of_record
SF:lib/core/error_handler.dart
DA:4,1
DA:6,0
DA:8,0
DA:10,0
DA:13,0
DA:16,0
DA:19,0
LF:7
LH:1
end_of_record
SF:lib/domain/entities/character.dart
DA:29,0
DA:30,0
LF:2
LH:0
end_of_record
SF:lib/domain/entities/character.g.dart
DA:9,0
DA:10,0
DA:11,0
DA:12,0
DA:13,0
DA:14,0
DA:15,0
DA:16,0
DA:17,0
DA:19,0
DA:20,0
DA:22,0
DA:23,0
DA:25,0
DA:26,0
DA:28,0
DA:29,0
DA:30,0
DA:33,0
DA:34,0
DA:35,0
DA:36,0
DA:37,0
DA:38,0
DA:39,0
DA:40,0
DA:41,0
DA:42,0
DA:43,0
DA:44,0
DA:45,0
DA:46,0
LF:32
LH:0
end_of_record
SF:lib/domain/entities/common.dart
DA:8,3
DA:15,0
DA:17,0
DA:19,0
DA:20,0
DA:24,0
LF:6
LH:1
end_of_record
SF:lib/domain/usecase/fetch_character_usecase.dart
DA:9,1
DA:11,3
LF:2
LH:2
end_of_record
SF:lib/domain/entities/thumbnail.dart
DA:9,0
DA:10,0
DA:14,0
DA:16,0
DA:18,0
DA:20,0
LF:6
LH:0
end_of_record
SF:lib/domain/entities/thumbnail.g.dart
DA:9,0
DA:10,0
DA:11,0
DA:12,0
DA:15,0
DA:16,0
DA:17,0
DA:18,0
LF:8
LH:0
end_of_record
SF:lib/api/marvel_api.dart
DA:11,1
DA:13,1
DA:14,1
DA:15,2
DA:16,4
DA:17,1
LF:6
LH:6
end_of_record
SF:lib/api/marvel_client.g.dart
DA:12,1
DA:16,1
DA:23,1
DA:30,1
DA:31,1
DA:36,1
DA:38,1
DA:39,3
DA:44,1
DA:45,2
DA:51,1
DA:52,1
DA:53,3
DA:54,1
DA:56,0
DA:60,1
DA:61,1
DA:62,2
DA:63,2
DA:64,1
DA:65,0
DA:67,1
DA:73,1
DA:77,2
DA:81,1
DA:83,1
DA:84,1
DA:87,0
LF:28
LH:25
end_of_record
SF:lib/data/response/character_response.dart
DA:14,0
DA:15,0
DA:23,0
DA:24,0
LF:4
LH:0
end_of_record
SF:lib/data/response/character_response.g.dart
DA:9,0
DA:11,0
DA:12,0
DA:13,0
DA:16,0
DA:18,0
DA:19,0
DA:20,0
DA:23,0
DA:24,0
DA:25,0
DA:26,0
DA:27,0
DA:28,0
DA:29,0
DA:30,0
DA:33,0
DA:35,0
DA:36,0
DA:37,0
DA:38,0
DA:39,0
DA:40,0
DA:41,0
LF:24
LH:0
end_of_record
SF:lib/core/base_bloc.dart
DA:12,3
DA:17,4
DA:19,0
DA:21,0
DA:24,2
DA:26,4
DA:28,2
DA:33,2
DA:34,0
DA:36,4
DA:37,2
DA:42,0
DA:43,0
DA:48,2
DA:49,4
LF:15
LH:10
end_of_record
SF:lib/core/view_actions.dart
DA:6,0
DA:8,0
DA:11,0
DA:12,0
DA:24,0
DA:26,0
DA:29,0
DA:30,0
LF:8
LH:0
end_of_record
SF:lib/core/base_state.dart
DA:13,1
DA:14,3
DA:15,1
DA:18,1
DA:19,4
DA:20,0
DA:24,0
DA:25,0
DA:26,0
DA:27,0
DA:28,0
DA:29,0
DA:34,0
DA:36,1
DA:38,3
DA:39,2
DA:40,1
LF:17
LH:9
end_of_record
SF:lib/inject/injector.dart
DA:11,1
DA:15,5
DA:17,1
DA:18,1
DA:19,2
LF:5
LH:5
end_of_record
SF:lib/core/event_bus.dart
DA:15,0
DA:16,0
DA:18,0
DA:20,0
LF:4
LH:0
end_of_record
SF:lib/core/platform_meta.dart
DA:4,4
DA:8,0
DA:10,0
DA:12,0
DA:14,0
DA:16,0
DA:18,0
LF:7
LH:1
end_of_record
SF:lib/data/repository/character_repository_impl.dart
DA:8,1
DA:11,1
DA:13,2
DA:14,3
DA:15,1
LF:5
LH:5
end_of_record
SF:lib/domain/entities/comics.dart
DA:13,0
LF:1
LH:0
end_of_record
SF:lib/domain/entities/comics.g.dart
DA:9,0
DA:10,0
DA:11,0
DA:12,0
DA:13,0
DA:14,0
DA:17,0
DA:18,0
DA:19,0
DA:20,0
DA:21,0
DA:22,0
DA:24,0
LF:13
LH:0
end_of_record
SF:lib/domain/entities/events.dart
DA:13,0
LF:1
LH:0
end_of_record
SF:lib/domain/entities/events.g.dart
DA:9,0
DA:10,0
DA:11,0
DA:12,0
DA:13,0
DA:14,0
DA:17,0
DA:18,0
DA:19,0
DA:20,0
DA:21,0
DA:22,0
DA:24,0
LF:13
LH:0
end_of_record
SF:lib/domain/entities/series.dart
DA:13,0
LF:1
LH:0
end_of_record
SF:lib/domain/entities/series.g.dart
DA:9,0
DA:10,0
DA:11,0
DA:12,0
DA:13,0
DA:14,0
DA:17,0
DA:18,0
DA:19,0
DA:20,0
DA:21,0
DA:22,0
DA:24,0
LF:13
LH:0
end_of_record
SF:lib/domain/entities/stories.dart
DA:12,0
DA:13,0
LF:2
LH:0
end_of_record
SF:lib/domain/entities/stories.g.dart
DA:9,0
DA:10,0
DA:11,0
DA:12,0
DA:13,0
DA:14,0
DA:15,0
DA:18,0
DA:19,0
DA:20,0
DA:21,0
DA:22,0
DA:23,0
DA:25,0
LF:14
LH:0
end_of_record
SF:lib/domain/entities/urls.dart
DA:9,0
LF:1
LH:0
end_of_record
SF:lib/domain/entities/urls.g.dart
DA:9,0
DA:10,0
DA:11,0
DA:14,0
DA:15,0
DA:16,0
DA:17,0
LF:7
LH:0
end_of_record
SF:lib/domain/entities/marvel_item.dart
DA:9,0
DA:10,0
LF:2
LH:0
end_of_record
SF:lib/domain/entities/marvel_item.g.dart
DA:9,0
DA:10,0
DA:11,0
DA:12,0
DA:15,0
DA:16,0
DA:17,0
DA:18,0
LF:8
LH:0
end_of_record
SF:lib/inject/app_injector.g.dart
DA:10,1
DA:12,1
DA:13,3
DA:16,1
DA:18,1
DA:19,3
DA:22,1
DA:24,1
DA:25,4
DA:28,1
DA:30,1
DA:32,5
DA:35,1
DA:37,1
DA:38,1
DA:41,1
DA:43,1
DA:44,4
DA:47,1
DA:49,1
DA:50,1
DA:51,3
DA:54,1
DA:56,1
DA:57,1
DA:58,4
LF:26
LH:26
end_of_record
SF:lib/inject/app_injector.dart
DA:24,1
DA:26,2
DA:29,1
DA:31,1
DA:32,1
DA:33,1
DA:34,1
DA:35,1
DA:36,1
DA:37,1
DA:38,1
DA:39,1
DA:40,1
DA:43,1
DA:44,2
DA:48,1
DA:49,1
DA:50,1
DA:51,1
DA:54,1
DA:55,2
DA:56,2
DA:66,1
DA:67,2
DA:68,2
DA:69,0
DA:71,0
DA:76,1
DA:77,1
DA:78,1
DA:79,1
DA:81,1
DA:82,4
DA:84,4
DA:86,3
DA:121,2
LF:36
LH:34
end_of_record
SF:lib/services/marvel_service.dart
DA:9,1
DA:11,1
DA:12,2
DA:13,1
DA:14,6
LF:5
LH:5
end_of_record
SF:lib/main.dart
DA:7,0
DA:8,0
DA:10,0
DA:12,0
DA:13,0
DA:19,0
DA:21,0
DA:22,0
DA:30,4
DA:32,2
DA:34,2
DA:35,2
LF:12
LH:4
end_of_record
SF:lib/presentation/home/home_screen.dart
DA:20,2
DA:22,1
DA:23,1
DA:27,1
DA:28,1
DA:31,1
DA:32,3
DA:33,0
DA:37,1
DA:39,2
DA:40,1
DA:44,0
DA:46,0
DA:47,0
DA:49,0
DA:54,1
DA:56,1
DA:58,1
DA:61,1
DA:62,2
DA:63,1
DA:64,1
DA:65,1
DA:70,1
DA:80,2
DA:82,1
DA:84,2
DA:85,1
DA:87,1
DA:88,0
DA:89,1
DA:90,1
DA:91,0
DA:92,0
DA:98,4
DA:100,0
DA:114,0
DA:116,0
DA:118,0
DA:126,0
DA:129,0
DA:130,0
DA:131,0
DA:133,0
DA:134,0
DA:135,0
DA:138,0
LF:47
LH:27
end_of_record
SF:lib/presentation/hero/hero_detail_screen.dart
DA:13,0
DA:14,0
DA:16,0
DA:17,0
DA:21,0
DA:23,0
DA:24,0
DA:26,0
DA:27,0
DA:28,0
DA:29,0
DA:30,0
DA:31,0
DA:32,0
DA:36,0
DA:38,0
DA:39,0
DA:41,0
DA:42,0
DA:46,0
DA:49,0
DA:50,0
DA:51,0
DA:55,0
DA:58,0
DA:62,0
DA:63,0
DA:64,0
DA:68,0
DA:86,0
DA:91,0
DA:93,0
DA:95,0
DA:99,0
DA:100,0
DA:103,0
DA:104,0
DA:110,0
DA:111,0
DA:112,0
DA:113,0
DA:114,0
DA:116,0
DA:117,0
DA:123,0
DA:124,0
LF:46
LH:0
end_of_record
SF:lib/presentation/home/components/character_image.dart
DA:9,0
DA:11,0
DA:13,0
DA:15,0
DA:16,0
DA:17,0
DA:20,0
DA:21,0
DA:24,0
LF:9
LH:0
end_of_record
SF:lib/presentation/home/components/character_info.dart
DA:10,0
DA:12,0
DA:14,0
DA:16,0
DA:21,0
DA:22,0
LF:6
LH:0
end_of_record
SF:lib/presentation/home/components/character_item.dart
DA:14,0
DA:19,0
DA:21,0
DA:24,0
DA:25,0
DA:26,0
DA:27,0
DA:28,0
DA:29,0
DA:31,0
DA:33,0
DA:34,0
DA:35,0
DA:36,0
DA:37,0
DA:39,0
LF:16
LH:0
end_of_record
SF:lib/presentation/shared/touch_effects.dart
DA:11,1
DA:18,1
DA:20,1
DA:22,1
DA:23,2
DA:24,1
DA:26,1
DA:29,1
DA:30,1
DA:32,1
DA:33,2
DA:34,1
DA:36,1
LF:13
LH:13
end_of_record
SF:lib/presentation/home/error_view.dart
DA:12,0
DA:14,0
DA:17,0
DA:18,0
DA:19,0
DA:22,0
DA:29,0
DA:31,0
DA:32,0
DA:33,0
DA:34,0
DA:35,0
DA:36,0
LF:13
LH:0
end_of_record
SF:lib/utils/navigation_extensions.dart
DA:4,0
DA:6,0
DA:12,0
DA:18,0
DA:24,0
LF:5
LH:0
end_of_record
SF:lib/api/api_utils.dart
DA:10,1
DA:11,2
DA:12,3
DA:13,1
LF:4
LH:4
end_of_record
